<?xml version="1.0" encoding="UTF-8"?>
<!-- Generated by org.testng.reporters.JUnitReportReporter -->
<testsuite hostname="P3A-B1Y0T72" failures="0" tests="1" name="basic_functions.Handle_frames" time="11.584" errors="0" timestamp="2019-08-29T12:11:33 IST" skipped="0">
  <testcase classname="basic_functions.Handle_frames" name="frames" time="11.584"/>
</testsuite> <!-- basic_functions.Handle_frames -->
