<?xml version="1.0" encoding="UTF-8"?>
<!-- Generated by org.testng.reporters.JUnitReportReporter -->
<testsuite hostname="P3A-B1Y0T72" failures="0" tests="4" name="basic_functions.Assert" time="0.015" errors="0" timestamp="2019-08-29T12:52:58 IST" skipped="0">
  <testcase classname="basic_functions.Assert" name="Test3" time="0.000"/>
  <testcase classname="basic_functions.Assert" name="Test4" time="0.000"/>
  <testcase classname="basic_functions.Assert" name="Test1" time="0.015"/>
  <testcase classname="basic_functions.Assert" name="Test2" time="0.000"/>
</testsuite> <!-- basic_functions.Assert -->
