<?xml version="1.0" encoding="UTF-8"?>
<!-- Generated by org.testng.reporters.JUnitReportReporter -->
<testsuite hostname="P3A-B1Y0T72" failures="0" tests="1" name="basic_functions.Explicit_wait" time="4.464" errors="0" timestamp="2019-08-29T11:59:00 IST" skipped="0">
  <testcase classname="basic_functions.Explicit_wait" name="Wait" time="4.464"/>
</testsuite> <!-- basic_functions.Explicit_wait -->
