<?xml version="1.0" encoding="UTF-8"?>
<!-- Generated by org.testng.reporters.JUnitReportReporter -->
<testsuite hostname="P3A-B1Y0T72" failures="0" tests="3" name="basic_functions.Alert_function" time="18.250" errors="0" timestamp="2019-08-29T11:40:53 IST" skipped="0">
  <testcase classname="basic_functions.Alert_function" name="Alert_with_textbox" time="5.830"/>
  <testcase classname="basic_functions.Alert_function" name="Alert_with_OK" time="6.668"/>
  <testcase classname="basic_functions.Alert_function" name="Alert_with_OK_and_CANCEL" time="5.752"/>
</testsuite> <!-- basic_functions.Alert_function -->
