<?xml version="1.0" encoding="UTF-8"?>
<!-- Generated by org.testng.reporters.JUnitReportReporter -->
<testsuite hostname="P3A-B1Y0T72" failures="0" tests="1" name="basic_functions.Drag_Drop" time="5.077" errors="0" timestamp="2019-08-29T13:03:16 IST" skipped="0">
  <testcase classname="basic_functions.Drag_Drop" name="draganddrop" time="5.077"/>
</testsuite> <!-- basic_functions.Drag_Drop -->
